# JRE version: 7.0_25-b15
# Java VM: Java HotSpot(TM) 64-Bit Server VM (23.25-b01 mixed mode bsd-amd64 compressed oops)
Heap
 def new generation   total 58368K, used 14820K [0x00000007ef000000, 0x00000007f2f50000, 0x00000007f2f50000)
  eden space 51904K,  16% used [0x00000007ef000000, 0x00000007ef829248, 0x00000007f22b0000)
  from space 6464K,  99% used [0x00000007f2900000, 0x00000007f2f4fff8, 0x00000007f2f50000)
  to   space 6464K,   0% used [0x00000007f22b0000, 0x00000007f22b0000, 0x00000007f2900000)
 tenured generation   total 129728K, used 118970K [0x00000007f2f50000, 0x00000007fae00000, 0x00000007fae00000)
   the space 129728K,  91% used [0x00000007f2f50000, 0x00000007fa37ea20, 0x00000007fa37ec00, 0x00000007fae00000)
 compacting perm gen  total 21248K, used 10031K [0x00000007fae00000, 0x00000007fc2c0000, 0x0000000800000000)
   the space 21248K,  47% used [0x00000007fae00000, 0x00000007fb7cbcd0, 0x00000007fb7cbe00, 0x00000007fc2c0000)
GC Heap History (10 events):
Event: 2.363 GC heap before
{Heap before GC invocations=11 (full 3):
 def new generation   total 20928K, used 20357K [0x00000007ef000000, 0x00000007f06b0000, 0x00000007f2f50000)
  eden space 18624K,  96% used [0x00000007ef000000, 0x00000007f01a16c0, 0x00000007f0230000)
  from space 2304K, 100% used [0x00000007f0230000, 0x00000007f0470000, 0x00000007f0470000)
  to   space 2304K,   0% used [0x00000007f0470000, 0x00000007f0470000, 0x00000007f06b0000)
 tenured generation   total 46368K, used 43841K [0x00000007f2f50000, 0x00000007f5c98000, 0x00000007fae00000)
   the space 46368K,  94% used [0x00000007f2f50000, 0x00000007f5a20798, 0x00000007f5a20800, 0x00000007f5c98000)
 compacting perm gen  total 21248K, used 4710K [0x00000007fae00000, 0x00000007fc2c0000, 0x0000000800000000)
   the space 21248K,  22% used [0x00000007fae00000, 0x00000007fb299a50, 0x00000007fb299c00, 0x00000007fc2c0000)
No shared spaces configured.
Event: 3.051 GC heap after
Heap after GC invocations=12 (full 4):
 def new generation   total 39616K, used 1100K [0x00000007ef000000, 0x00000007f1af0000, 0x00000007f2f50000)
  eden space 35264K,   3% used [0x00000007ef000000, 0x00000007ef113010, 0x00000007f1270000)
  from space 4352K,   0% used [0x00000007f1270000, 0x00000007f1270000, 0x00000007f16b0000)
  to   space 4352K,   0% used [0x00000007f16b0000, 0x00000007f16b0000, 0x00000007f1af0000)
 tenured generation   total 87840K, used 52703K [0x00000007f2f50000, 0x00000007f8518000, 0x00000007fae00000)
   the space 87840K,  59% used [0x00000007f2f50000, 0x00000007f62c7fe8, 0x00000007f62c8000, 0x00000007f8518000)
 compacting perm gen  total 21248K, used 4708K [0x00000007fae00000, 0x00000007fc2c0000, 0x0000000800000000)
   the space 21248K,  22% used [0x00000007fae00000, 0x00000007fb2990f8, 0x00000007fb299200, 0x00000007fc2c0000)
No shared spaces configured.
}
Event: 3.206 GC heap before
{Heap before GC invocations=12 (full 4):
 def new generation   total 39616K, used 35264K [0x00000007ef000000, 0x00000007f1af0000, 0x00000007f2f50000)
  eden space 35264K, 100% used [0x00000007ef000000, 0x00000007f1270000, 0x00000007f1270000)
  from space 4352K,   0% used [0x00000007f1270000, 0x00000007f1270000, 0x00000007f16b0000)
  to   space 4352K,   0% used [0x00000007f16b0000, 0x00000007f16b0000, 0x00000007f1af0000)
 tenured generation   total 87840K, used 52703K [0x00000007f2f50000, 0x00000007f8518000, 0x00000007fae00000)
   the space 87840K,  59% used [0x00000007f2f50000, 0x00000007f62c7fe8, 0x00000007f62c8000, 0x00000007f8518000)
 compacting perm gen  total 21248K, used 4708K [0x00000007fae00000, 0x00000007fc2c0000, 0x0000000800000000)
   the space 21248K,  22% used [0x00000007fae00000, 0x00000007fb2990f8, 0x00000007fb299200, 0x00000007fc2c0000)
No shared spaces configured.
Event: 3.501 GC heap after
Heap after GC invocations=13 (full 4):
 def new generation   total 39616K, used 4351K [0x00000007ef000000, 0x00000007f1af0000, 0x00000007f2f50000)
  eden space 35264K,   0% used [0x00000007ef000000, 0x00000007ef000000, 0x00000007f1270000)
  from space 4352K,  99% used [0x00000007f16b0000, 0x00000007f1aefff0, 0x00000007f1af0000)
  to   space 4352K,   0% used [0x00000007f1270000, 0x00000007f1270000, 0x00000007f16b0000)
 tenured generation   total 87840K, used 69393K [0x00000007f2f50000, 0x00000007f8518000, 0x00000007fae00000)
   the space 87840K,  78% used [0x00000007f2f50000, 0x00000007f7314498, 0x00000007f7314600, 0x00000007f8518000)
 compacting perm gen  total 21248K, used 4708K [0x00000007fae00000, 0x00000007fc2c0000, 0x0000000800000000)
   the space 21248K,  22% used [0x00000007fae00000, 0x00000007fb2990f8, 0x00000007fb299200, 0x00000007fc2c0000)
No shared spaces configured.
}
Event: 3.603 GC heap before
{Heap before GC invocations=13 (full 4):
 def new generation   total 39616K, used 34490K [0x00000007ef000000, 0x00000007f1af0000, 0x00000007f2f50000)
  eden space 35264K,  85% used [0x00000007ef000000, 0x00000007f0d6ebb0, 0x00000007f1270000)
  from space 4352K,  99% used [0x00000007f16b0000, 0x00000007f1aefff0, 0x00000007f1af0000)
  to   space 4352K,   0% used [0x00000007f1270000, 0x00000007f1270000, 0x00000007f16b0000)
 tenured generation   total 87840K, used 69393K [0x00000007f2f50000, 0x00000007f8518000, 0x00000007fae00000)
   the space 87840K,  78% used [0x00000007f2f50000, 0x00000007f7314498, 0x00000007f7314600, 0x00000007f8518000)
 compacting perm gen  total 21248K, used 4708K [0x00000007fae00000, 0x00000007fc2c0000, 0x0000000800000000)
   the space 21248K,  22% used [0x00000007fae00000, 0x00000007fb2990f8, 0x00000007fb299200, 0x00000007fc2c0000)
No shared spaces configured.
Event: 3.729 GC heap after
Heap after GC invocations=14 (full 4):
 def new generation   total 39616K, used 4352K [0x00000007ef000000, 0x00000007f1af0000, 0x00000007f2f50000)
  eden space 35264K,   0% used [0x00000007ef000000, 0x00000007ef000000, 0x00000007f1270000)
  from space 4352K, 100% used [0x00000007f1270000, 0x00000007f16b0000, 0x00000007f16b0000)
  to   space 4352K,   0% used [0x00000007f16b0000, 0x00000007f16b0000, 0x00000007f1af0000)
 tenured generation   total 87840K, used 87651K [0x00000007f2f50000, 0x00000007f8518000, 0x00000007fae00000)
   the space 87840K,  99% used [0x00000007f2f50000, 0x00000007f84e8e88, 0x00000007f84e9000, 0x00000007f8518000)
 compacting perm gen  total 21248K, used 4708K [0x00000007fae00000, 0x00000007fc2c0000, 0x0000000800000000)
   the space 21248K,  22% used [0x00000007fae00000, 0x00000007fb2990f8, 0x00000007fb299200, 0x00000007fc2c0000)
No shared spaces configured.
}
Event: 3.858 GC heap before
{Heap before GC invocations=14 (full 4):
 def new generation   total 39616K, used 39616K [0x00000007ef000000, 0x00000007f1af0000, 0x00000007f2f50000)
  eden space 35264K, 100% used [0x00000007ef000000, 0x00000007f1270000, 0x00000007f1270000)
  from space 4352K, 100% used [0x00000007f1270000, 0x00000007f16b0000, 0x00000007f16b0000)
  to   space 4352K,   0% used [0x00000007f16b0000, 0x00000007f16b0000, 0x00000007f1af0000)
 tenured generation   total 87840K, used 87651K [0x00000007f2f50000, 0x00000007f8518000, 0x00000007fae00000)
   the space 87840K,  99% used [0x00000007f2f50000, 0x00000007f84e8e88, 0x00000007f84e9000, 0x00000007f8518000)
 compacting perm gen  total 21248K, used 4708K [0x00000007fae00000, 0x00000007fc2c0000, 0x0000000800000000)
   the space 21248K,  22% used [0x00000007fae00000, 0x00000007fb299260, 0x00000007fb299400, 0x00000007fc2c0000)
No shared spaces configured.
Event: 4.807 GC heap after
Heap after GC invocations=15 (full 5):
 def new generation   total 58368K, used 0K [0x00000007ef000000, 0x00000007f2f50000, 0x00000007f2f50000)
  eden space 51904K,   0% used [0x00000007ef000000, 0x00000007ef000000, 0x00000007f22b0000)
  from space 6464K,   0% used [0x00000007f22b0000, 0x00000007f22b0000, 0x00000007f2900000)
  to   space 6464K,   0% used [0x00000007f2900000, 0x00000007f2900000, 0x00000007f2f50000)
 tenured generation   total 129728K, used 105789K [0x00000007f2f50000, 0x00000007fae00000, 0x00000007fae00000)
   the space 129728K,  81% used [0x00000007f2f50000, 0x00000007f969f4f0, 0x00000007f969f600, 0x00000007fae00000)
 compacting perm gen  total 21248K, used 4708K [0x00000007fae00000, 0x00000007fc2c0000, 0x0000000800000000)
   the space 21248K,  22% used [0x00000007fae00000, 0x00000007fb299260, 0x00000007fb299400, 0x00000007fc2c0000)
No shared spaces configured.
}
Event: 6.126 GC heap before
{Heap before GC invocations=15 (full 5):
 def new generation   total 58368K, used 51904K [0x00000007ef000000, 0x00000007f2f50000, 0x00000007f2f50000)
  eden space 51904K, 100% used [0x00000007ef000000, 0x00000007f22b0000, 0x00000007f22b0000)
  from space 6464K,   0% used [0x00000007f22b0000, 0x00000007f22b0000, 0x00000007f2900000)
  to   space 6464K,   0% used [0x00000007f2900000, 0x00000007f2900000, 0x00000007f2f50000)
 tenured generation   total 129728K, used 105789K [0x00000007f2f50000, 0x00000007fae00000, 0x00000007fae00000)
   the space 129728K,  81% used [0x00000007f2f50000, 0x00000007f969f4f0, 0x00000007f969f600, 0x00000007fae00000)
 compacting perm gen  total 21248K, used 7489K [0x00000007fae00000, 0x00000007fc2c0000, 0x0000000800000000)
   the space 21248K,  35% used [0x00000007fae00000, 0x00000007fb5506f0, 0x00000007fb550800, 0x00000007fc2c0000)
No shared spaces configured.
Event: 6.269 GC heap after
Heap after GC invocations=16 (full 5):
 def new generation   total 58368K, used 6463K [0x00000007ef000000, 0x00000007f2f50000, 0x00000007f2f50000)
  eden space 51904K,   0% used [0x00000007ef000000, 0x00000007ef000000, 0x00000007f22b0000)
  from space 6464K,  99% used [0x00000007f2900000, 0x00000007f2f4fff8, 0x00000007f2f50000)
  to   space 6464K,   0% used [0x00000007f22b0000, 0x00000007f22b0000, 0x00000007f2900000)
 tenured generation   total 129728K, used 118970K [0x00000007f2f50000, 0x00000007fae00000, 0x00000007fae00000)
   the space 129728K,  91% used [0x00000007f2f50000, 0x00000007fa37ea20, 0x00000007fa37ec00, 0x00000007fae00000)
 compacting perm gen  total 21248K, used 7489K [0x00000007fae00000, 0x00000007fc2c0000, 0x0000000800000000)
   the space 21248K,  35% used [0x00000007fae00000, 0x00000007fb5506f0, 0x00000007fb550800, 0x00000007fc2c0000)
No shared spaces configured.
}

